#
# A fatal error has been detected by the Java Runtime Environment:
#
#  EXCEPTION_ACCESS_VIOLATION (0xc0000005) at pc=0x00007ff93f997e53, pid=5644, tid=9800
#
# JRE version: Java(TM) SE Runtime Environment (17.0.3.1+2) (build 17.0.3.1+2-LTS-6)
# Java VM: Java HotSpot(TM) 64-Bit Server VM (17.0.3.1+2-LTS-6, mixed mode, sharing, tiered, compressed oops, compressed class ptrs, g1 gc, windows-amd64)
# Problematic frame:
# C  [msvcrt.dll+0x77e53]
#
# No core dump will be written. Minidumps are not enabled by default on client versions of Windows
#
# If you would like to submit a bug report, please visit:
#   https://bugreport.java.com/bugreport/crash.jsp
# The crash happened outside the Java Virtual Machine in native code.
# See problematic frame for where to report the bug.
#

---------------  S U M M A R Y ------------

Command Line: -Dfile.encoding=windows-1252 -Duser.country=BR -Duser.language=pt -Duser.variant com.edujhuan.adventurequest.DesktopLauncher

Host: 11th Gen Intel(R) Core(TM) i3-1115G4 @ 3.00GHz, 4 cores, 7G,  Windows 11 , 64 bit Build 22000 (10.0.22000.708)
Time: Fri Jul 29 23:40:17 2022 Hora oficial do Brasil elapsed time: 1.629446 seconds (0d 0h 0m 1s)

---------------  T H R E A D  ---------------

Current thread (0x000001f780ccc210):  JavaThread "main" [_thread_in_native, id=9800, stack(0x000000ceab400000,0x000000ceab500000)]

Stack: [0x000000ceab400000,0x000000ceab500000],  sp=0x000000ceab4fea98,  free space=1018k
Native frames: (J=compiled Java code, j=interpreted, Vv=VM code, C=native code)
C  [msvcrt.dll+0x77e53]
C  [gdx64.dll+0x2241]

Java frames: (J=compiled Java code, j=interpreted, Vv=VM code)
j  com.badlogic.gdx.utils.BufferUtils.copyJni([FLjava/nio/Buffer;II)V+0
j  com.badlogic.gdx.utils.BufferUtils.copy([FLjava/nio/Buffer;II)V+35
j  com.badlogic.gdx.graphics.glutils.VertexArray.setVertices([FII)V+7
j  com.badlogic.gdx.graphics.Mesh.setVertices([FII)Lcom/badlogic/gdx/graphics/Mesh;+7
j  com.badlogic.gdx.graphics.g2d.SpriteBatch.flush()V+76
j  com.badlogic.gdx.graphics.g2d.SpriteBatch.switchTexture(Lcom/badlogic/gdx/graphics/Texture;)V+1
j  com.badlogic.gdx.graphics.g2d.SpriteBatch.draw(Lcom/badlogic/gdx/graphics/Texture;[FII)V+38
j  com.badlogic.gdx.maps.tiled.renderers.OrthogonalTiledMapRenderer.renderTileLayer(Lcom/badlogic/gdx/maps/tiled/TiledMapTileLayer;)V+963
j  com.badlogic.gdx.maps.tiled.renderers.BatchTiledMapRenderer.renderMapLayer(Lcom/badlogic/gdx/maps/MapLayer;)V+78
j  com.badlogic.gdx.maps.tiled.renderers.BatchTiledMapRenderer.render()V+36
j  com.edujhuan.adventurequest.Screens.PlayScreen.render(F)V+54
j  com.badlogic.gdx.Game.render()V+19
j  com.edujhuan.adventurequest.AdventureQuest.render()V+1
j  com.badlogic.gdx.backends.lwjgl3.Lwjgl3Window.update()Z+187
j  com.badlogic.gdx.backends.lwjgl3.Lwjgl3Application.loop()V+111
j  com.badlogic.gdx.backends.lwjgl3.Lwjgl3Application.<init>(Lcom/badlogic/gdx/ApplicationListener;Lcom/badlogic/gdx/backends/lwjgl3/Lwjgl3ApplicationConfiguration;)V+269
j  com.edujhuan.adventurequest.DesktopLauncher.main([Ljava/lang/String;)V+32
v  ~StubRoutines::call_stub

siginfo: EXCEPTION_ACCESS_VIOLATION (0xc0000005), writing address 0x000001f7a98c1000


Register to memory mapping:

RIP=0x00007ff93f997e53 msvcrt.dll
RAX=0x000001f7a98c0080 points into unknown readable memory: 0x3ff5c28f00000000 | 00 00 00 00 8f c2 f5 3f
RBX=0x000001f780ccc4b8 points into unknown readable memory: 0x000001f7a14aaf10 | 10 af 4a a1 f7 01 00 00
RCX=0x000001f7a98c1010 is an unknown value
RDX=0xfffffe08e10c2750 is an unknown value
RSP=0x000000ceab4fea98 is pointing into the stack for thread: 0x000001f780ccc210
RBP=0x000000ceab4febc8 is pointing into the stack for thread: 0x000001f780ccc210
RSI=0x0000000000000a8c is an unknown value
RDI=0x0 is NULL
R8 =0x0000000000000020 is an unknown value
R9 =0x000000000000006a is an unknown value
R10=0x00007ff8faa449e0 jvm.dll
R11=0x000000008a985200 is pointing into object: [F 
{0x000000008a9827c0} - klass: {type array float}
 - length: 20000
R12=0x000001f7a98c0080 points into unknown readable memory: 0x3ff5c28f00000000 | 00 00 00 00 8f c2 f5 3f
R13=0x000000008a9827d0 is pointing into object: [F 
{0x000000008a9827c0} - klass: {type array float}
 - length: 20000
R14=0x000000ceab4febc8 is pointing into the stack for thread: 0x000001f780ccc210
R15=0x000001f780ccc210 is a thread


Registers:
RAX=0x000001f7a98c0080, RBX=0x000001f780ccc4b8, RCX=0x000001f7a98c1010, RDX=0xfffffe08e10c2750
RSP=0x000000ceab4fea98, RBP=0x000000ceab4febc8, RSI=0x0000000000000a8c, RDI=0x0000000000000000
R8 =0x0000000000000020, R9 =0x000000000000006a, R10=0x00007ff8faa449e0, R11=0x000000008a985200
R12=0x000001f7a98c0080, R13=0x000000008a9827d0, R14=0x000000ceab4febc8, R15=0x000001f780ccc210
RIP=0x00007ff93f997e53, EFLAGS=0x0000000000010206

Top of Stack: (sp=0x000000ceab4fea98)
0x000000ceab4fea98:   0000000065282241 000001f780ccc4b8
0x000000ceab4feaa8:   0000000000000a8c 000001f7a0ea6da8
0x000000ceab4feab8:   000001f780ccc210 00000000000003eb
0x000000ceab4feac8:   000001f7a0ea6da8 00000000000003ec
0x000000ceab4fead8:   00000000000003eb 000000ceab4feb90
0x000000ceab4feae8:   0000000000000000 000001f7a0ea6da8
0x000000ceab4feaf8:   000001f789d1d621 000001f7a0ea6da8
0x000000ceab4feb08:   00007ff8fa557954 00000000000003eb
0x000000ceab4feb18:   000001f789d1d352 000001f700000a8c
0x000000ceab4feb28:   0000000000000000 000000008a9826b8
0x000000ceab4feb38:   00007ff8fa2beff3 000001f789d1d2f6
0x000000ceab4feb48:   000000ceab4feb48 000001f7a0ea6da8
0x000000ceab4feb58:   000000ceab4febc8 000001f7a0ea8000
0x000000ceab4feb68:   0000000000000000 000000008b399f00
0x000000ceab4feb78:   000001f7a0ea6da8 0000000000000000
0x000000ceab4feb88:   000000ceab4febb0 000000ceab4fec18 

Instructions: (pc=0x00007ff93f997e53)
0x00007ff93f997d53:   8b 54 02 f8 4c 89 19 4a 89 54 01 f8 c3 49 83 f8
0x00007ff93f997d63:   20 77 5a 0f 10 02 42 0f 10 4c 02 f0 0f 11 01 42
0x00007ff93f997d73:   0f 11 4c 01 f0 c3 0f 1f 80 00 00 00 00 4d 85 c0
0x00007ff93f997d83:   74 15 48 2b d1 72 16 44 8a 1c 11 48 ff c1 49 ff
0x00007ff93f997d93:   c8 44 88 59 ff 75 f0 c3 0f 1f 44 00 00 49 03 c8
0x00007ff93f997da3:   44 8a 5c 11 ff 48 ff c9 49 ff c8 44 88 19 75 f0
0x00007ff93f997db3:   c3 66 66 66 66 0f 1f 84 00 00 00 00 00 4e 8d 1c
0x00007ff93f997dc3:   02 48 2b d1 73 09 4c 3b d9 0f 87 6e 01 00 00 0f
0x00007ff93f997dd3:   10 04 11 48 83 c1 10 f6 c1 0f 74 12 48 83 e1 f0
0x00007ff93f997de3:   0f 10 0c 11 0f 11 00 0f 28 c1 48 83 c1 10 4c 03
0x00007ff93f997df3:   c0 4c 2b c1 4d 8b c8 49 c1 e9 06 74 6f 49 81 f9
0x00007ff93f997e03:   00 10 00 00 0f 87 b3 00 00 00 49 83 e0 3f eb 2d
0x00007ff93f997e13:   66 66 66 66 66 66 66 0f 1f 84 00 00 00 00 00 66
0x00007ff93f997e23:   66 66 66 66 66 66 0f 1f 84 00 00 00 00 00 66 66
0x00007ff93f997e33:   66 66 66 66 66 0f 1f 84 00 00 00 00 00 0f 10 0c
0x00007ff93f997e43:   11 0f 10 54 11 10 0f 10 5c 11 20 0f 10 64 11 30
0x00007ff93f997e53:   0f 29 41 f0 48 83 c1 40 49 ff c9 0f 29 49 c0 0f
0x00007ff93f997e63:   29 51 d0 0f 29 59 e0 0f 28 c4 75 d1 4d 8b c8 49
0x00007ff93f997e73:   c1 e9 04 74 19 0f 1f 84 00 00 00 00 00 0f 29 41
0x00007ff93f997e83:   f0 0f 10 04 11 48 83 c1 10 49 ff c9 75 ef 49 83
0x00007ff93f997e93:   e0 0f 74 0e 4e 8d 5c 01 f0 41 0f 10 0c 13 41 0f
0x00007ff93f997ea3:   11 0b 0f 29 41 f0 c3 66 66 66 66 66 66 66 0f 1f
0x00007ff93f997eb3:   84 00 00 00 00 00 0f 1f 80 00 00 00 00 4d 8b c8
0x00007ff93f997ec3:   49 c1 e9 06 49 83 e0 3f 0f 18 44 11 40 eb 2e 66
0x00007ff93f997ed3:   66 66 66 66 66 66 0f 1f 84 00 00 00 00 00 66 66
0x00007ff93f997ee3:   66 66 66 66 66 0f 1f 84 00 00 00 00 00 66 66 66
0x00007ff93f997ef3:   66 66 66 66 0f 1f 84 00 00 00 00 00 90 0f 10 0c
0x00007ff93f997f03:   11 0f 10 54 11 10 0f 10 5c 11 20 0f 10 64 11 30
0x00007ff93f997f13:   0f 2b 41 f0 48 83 c1 40 0f 18 44 11 40 49 ff c9
0x00007ff93f997f23:   0f 2b 49 c0 0f 2b 51 d0 0f 2b 59 e0 0f 28 c4 75
0x00007ff93f997f33:   cc 0f ae f8 e9 33 ff ff ff 0f 1f 40 00 49 03 c8
0x00007ff93f997f43:   0f 10 44 11 f0 48 83 e9 10 49 83 e8 10 f6 c1 0f 


Stack slot to memory mapping:
stack at sp + 0 slots: 0x0000000065282241 gdx64.dll
stack at sp + 1 slots: 0x000001f780ccc4b8 points into unknown readable memory: 0x000001f7a14aaf10 | 10 af 4a a1 f7 01 00 00
stack at sp + 2 slots: 0x0000000000000a8c is an unknown value
stack at sp + 3 slots: {method} {0x000001f7a0ea6db0} 'copyJni' '([FLjava/nio/Buffer;II)V' in 'com/badlogic/gdx/utils/BufferUtils'
stack at sp + 4 slots: 0x000001f780ccc210 is a thread
stack at sp + 5 slots: 0x00000000000003eb is an unknown value
stack at sp + 6 slots: {method} {0x000001f7a0ea6db0} 'copyJni' '([FLjava/nio/Buffer;II)V' in 'com/badlogic/gdx/utils/BufferUtils'
stack at sp + 7 slots: 0x00000000000003ec is an unknown value


---------------  P R O C E S S  ---------------

Threads class SMR info:
_java_thread_list=0x000001f7a32bf590, length=14, elements={
0x000001f780ccc210, 0x000001f7a036c460, 0x000001f7a036d010, 0x000001f7a0384e00,
0x000001f7a03879c0, 0x000001f7a038a380, 0x000001f7a038b540, 0x000001f7a039f2a0,
0x000001f7a03a0260, 0x000001f7a03a1780, 0x000001f7a10be930, 0x000001f7a10c5860,
0x000001f7a340a1c0, 0x000001f7a3216a10
}

Java Threads: ( => current thread )
=>0x000001f780ccc210 JavaThread "main" [_thread_in_native, id=9800, stack(0x000000ceab400000,0x000000ceab500000)]
  0x000001f7a036c460 JavaThread "Reference Handler" daemon [_thread_blocked, id=13008, stack(0x000000ceabb00000,0x000000ceabc00000)]
  0x000001f7a036d010 JavaThread "Finalizer" daemon [_thread_blocked, id=7252, stack(0x000000ceabc00000,0x000000ceabd00000)]
  0x000001f7a0384e00 JavaThread "Signal Dispatcher" daemon [_thread_blocked, id=5816, stack(0x000000ceabd00000,0x000000ceabe00000)]
  0x000001f7a03879c0 JavaThread "Attach Listener" daemon [_thread_blocked, id=3724, stack(0x000000ceabe00000,0x000000ceabf00000)]
  0x000001f7a038a380 JavaThread "Service Thread" daemon [_thread_blocked, id=13292, stack(0x000000ceabf00000,0x000000ceac000000)]
  0x000001f7a038b540 JavaThread "Monitor Deflation Thread" daemon [_thread_blocked, id=6560, stack(0x000000ceac000000,0x000000ceac100000)]
  0x000001f7a039f2a0 JavaThread "C2 CompilerThread0" daemon [_thread_blocked, id=10036, stack(0x000000ceac100000,0x000000ceac200000)]
  0x000001f7a03a0260 JavaThread "C1 CompilerThread0" daemon [_thread_blocked, id=7672, stack(0x000000ceac200000,0x000000ceac300000)]
  0x000001f7a03a1780 JavaThread "Sweeper thread" daemon [_thread_blocked, id=5820, stack(0x000000ceac300000,0x000000ceac400000)]
  0x000001f7a10be930 JavaThread "Notification Thread" daemon [_thread_blocked, id=10288, stack(0x000000ceac400000,0x000000ceac500000)]
  0x000001f7a10c5860 JavaThread "Common-Cleaner" daemon [_thread_blocked, id=3052, stack(0x000000ceac600000,0x000000ceac700000)]
  0x000001f7a340a1c0 JavaThread "AssetManager" daemon [_thread_blocked, id=1852, stack(0x000000cead200000,0x000000cead300000)]
  0x000001f7a3216a10 JavaThread "C2 CompilerThread1" daemon [_thread_blocked, id=7816, stack(0x000000cead300000,0x000000cead400000)]

Other Threads:
  0x000001f7a03689d0 VMThread "VM Thread" [stack: 0x000000ceaba00000,0x000000ceabb00000] [id=7992]
  0x000001f7a10c0e10 WatcherThread [stack: 0x000000ceac500000,0x000000ceac600000] [id=4228]
  0x000001f780d24f90 GCTaskThread "GC Thread#0" [stack: 0x000000ceab500000,0x000000ceab600000] [id=6908]
  0x000001f7a3273370 GCTaskThread "GC Thread#1" [stack: 0x000000ceacf00000,0x000000cead000000] [id=12376]
  0x000001f7a322f010 GCTaskThread "GC Thread#2" [stack: 0x000000cead000000,0x000000cead100000] [id=2812]
  0x000001f7a3279360 GCTaskThread "GC Thread#3" [stack: 0x000000cead100000,0x000000cead200000] [id=11080]
  0x000001f780d37830 ConcurrentGCThread "G1 Main Marker" [stack: 0x000000ceab600000,0x000000ceab700000] [id=7576]
  0x000001f780d38240 ConcurrentGCThread "G1 Conc#0" [stack: 0x000000ceab700000,0x000000ceab800000] [id=12176]
  0x000001f780d93940 ConcurrentGCThread "G1 Refine#0" [stack: 0x000000ceab800000,0x000000ceab900000] [id=12980]
  0x000001f780d94360 ConcurrentGCThread "G1 Service" [stack: 0x000000ceab900000,0x000000ceaba00000] [id=11356]

Threads with active compile tasks:

VM state: not at safepoint (normal execution)

VM Mutex/Monitor currently owned by a thread: None

Heap address: 0x0000000083600000, size: 1994 MB, Compressed Oops mode: 32-bit

CDS archive(s) mapped at: [0x0000000800000000-0x0000000800bc0000-0x0000000800bc0000), size 12320768, SharedBaseAddress: 0x0000000800000000, ArchiveRelocationMode: 0.
Compressed class space mapped at: 0x0000000800c00000-0x0000000840c00000, reserved size: 1073741824
Narrow klass base: 0x0000000800000000, Narrow klass shift: 0, Narrow klass range: 0x100000000

GC Precious Log:
 CPUs: 4 total, 4 available
 Memory: 7971M
 Large Page Support: Disabled
 NUMA Support: Disabled
 Compressed Oops: Enabled (32-bit)
 Heap Region Size: 1M
 Heap Min Capacity: 8M
 Heap Initial Capacity: 126M
 Heap Max Capacity: 1994M
 Pre-touch: Disabled
 Parallel Workers: 4
 Concurrent Workers: 1
 Concurrent Refinement Workers: 4
 Periodic GC: Disabled

Heap:
 garbage-first heap   total 129024K, used 13376K [0x0000000083600000, 0x0000000100000000)
  region size 1024K, 15 young (15360K), 2 survivors (2048K)
 Metaspace       used 7281K, committed 7424K, reserved 1064960K
  class space    used 569K, committed 640K, reserved 1048576K

Heap Regions: E=young(eden), S=young(survivor), O=old, HS=humongous(starts), HC=humongous(continues), CS=collection set, F=free, OA=open archive, CA=closed archive, TAMS=top-at-mark-start (previous, next)
|   0|0x0000000083600000, 0x0000000083610000, 0x0000000083700000|  6%| O|  |TAMS 0x0000000083600000, 0x0000000083600000| Untracked 
|   1|0x0000000083700000, 0x0000000083700000, 0x0000000083800000|  0%| F|  |TAMS 0x0000000083700000, 0x0000000083700000| Untracked 
|   2|0x0000000083800000, 0x0000000083800000, 0x0000000083900000|  0%| F|  |TAMS 0x0000000083800000, 0x0000000083800000| Untracked 
|   3|0x0000000083900000, 0x0000000083900000, 0x0000000083a00000|  0%| F|  |TAMS 0x0000000083900000, 0x0000000083900000| Untracked 
|   4|0x0000000083a00000, 0x0000000083a00000, 0x0000000083b00000|  0%| F|  |TAMS 0x0000000083a00000, 0x0000000083a00000| Untracked 
|   5|0x0000000083b00000, 0x0000000083b00000, 0x0000000083c00000|  0%| F|  |TAMS 0x0000000083b00000, 0x0000000083b00000| Untracked 
|   6|0x0000000083c00000, 0x0000000083c00000, 0x0000000083d00000|  0%| F|  |TAMS 0x0000000083c00000, 0x0000000083c00000| Untracked 
|   7|0x0000000083d00000, 0x0000000083d00000, 0x0000000083e00000|  0%| F|  |TAMS 0x0000000083d00000, 0x0000000083d00000| Untracked 
|   8|0x0000000083e00000, 0x0000000083e00000, 0x0000000083f00000|  0%| F|  |TAMS 0x0000000083e00000, 0x0000000083e00000| Untracked 
|   9|0x0000000083f00000, 0x0000000083f00000, 0x0000000084000000|  0%| F|  |TAMS 0x0000000083f00000, 0x0000000083f00000| Untracked 
|  10|0x0000000084000000, 0x0000000084000000, 0x0000000084100000|  0%| F|  |TAMS 0x0000000084000000, 0x0000000084000000| Untracked 
|  11|0x0000000084100000, 0x0000000084100000, 0x0000000084200000|  0%| F|  |TAMS 0x0000000084100000, 0x0000000084100000| Untracked 
|  12|0x0000000084200000, 0x0000000084200000, 0x0000000084300000|  0%| F|  |TAMS 0x0000000084200000, 0x0000000084200000| Untracked 
|  13|0x0000000084300000, 0x0000000084300000, 0x0000000084400000|  0%| F|  |TAMS 0x0000000084300000, 0x0000000084300000| Untracked 
|  14|0x0000000084400000, 0x0000000084400000, 0x0000000084500000|  0%| F|  |TAMS 0x0000000084400000, 0x0000000084400000| Untracked 
|  15|0x0000000084500000, 0x0000000084500000, 0x0000000084600000|  0%| F|  |TAMS 0x0000000084500000, 0x0000000084500000| Untracked 
|  16|0x0000000084600000, 0x0000000084600000, 0x0000000084700000|  0%| F|  |TAMS 0x0000000084600000, 0x0000000084600000| Untracked 
|  17|0x0000000084700000, 0x0000000084700000, 0x0000000084800000|  0%| F|  |TAMS 0x0000000084700000, 0x0000000084700000| Untracked 
|  18|0x0000000084800000, 0x0000000084800000, 0x0000000084900000|  0%| F|  |TAMS 0x0000000084800000, 0x0000000084800000| Untracked 
|  19|0x0000000084900000, 0x0000000084900000, 0x0000000084a00000|  0%| F|  |TAMS 0x0000000084900000, 0x0000000084900000| Untracked 
|  20|0x0000000084a00000, 0x0000000084a00000, 0x0000000084b00000|  0%| F|  |TAMS 0x0000000084a00000, 0x0000000084a00000| Untracked 
|  21|0x0000000084b00000, 0x0000000084b00000, 0x0000000084c00000|  0%| F|  |TAMS 0x0000000084b00000, 0x0000000084b00000| Untracked 
|  22|0x0000000084c00000, 0x0000000084c00000, 0x0000000084d00000|  0%| F|  |TAMS 0x0000000084c00000, 0x0000000084c00000| Untracked 
|  23|0x0000000084d00000, 0x0000000084d00000, 0x0000000084e00000|  0%| F|  |TAMS 0x0000000084d00000, 0x0000000084d00000| Untracked 
|  24|0x0000000084e00000, 0x0000000084e00000, 0x0000000084f00000|  0%| F|  |TAMS 0x0000000084e00000, 0x0000000084e00000| Untracked 
|  25|0x0000000084f00000, 0x0000000084f00000, 0x0000000085000000|  0%| F|  |TAMS 0x0000000084f00000, 0x0000000084f00000| Untracked 
|  26|0x0000000085000000, 0x0000000085000000, 0x0000000085100000|  0%| F|  |TAMS 0x0000000085000000, 0x0000000085000000| Untracked 
|  27|0x0000000085100000, 0x0000000085100000, 0x0000000085200000|  0%| F|  |TAMS 0x0000000085100000, 0x0000000085100000| Untracked 
|  28|0x0000000085200000, 0x0000000085200000, 0x0000000085300000|  0%| F|  |TAMS 0x0000000085200000, 0x0000000085200000| Untracked 
|  29|0x0000000085300000, 0x0000000085300000, 0x0000000085400000|  0%| F|  |TAMS 0x0000000085300000, 0x0000000085300000| Untracked 
|  30|0x0000000085400000, 0x0000000085400000, 0x0000000085500000|  0%| F|  |TAMS 0x0000000085400000, 0x0000000085400000| Untracked 
|  31|0x0000000085500000, 0x0000000085500000, 0x0000000085600000|  0%| F|  |TAMS 0x0000000085500000, 0x0000000085500000| Untracked 
|  32|0x0000000085600000, 0x0000000085600000, 0x0000000085700000|  0%| F|  |TAMS 0x0000000085600000, 0x0000000085600000| Untracked 
|  33|0x0000000085700000, 0x0000000085700000, 0x0000000085800000|  0%| F|  |TAMS 0x0000000085700000, 0x0000000085700000| Untracked 
|  34|0x0000000085800000, 0x0000000085800000, 0x0000000085900000|  0%| F|  |TAMS 0x0000000085800000, 0x0000000085800000| Untracked 
|  35|0x0000000085900000, 0x0000000085900000, 0x0000000085a00000|  0%| F|  |TAMS 0x0000000085900000, 0x0000000085900000| Untracked 
|  36|0x0000000085a00000, 0x0000000085a00000, 0x0000000085b00000|  0%| F|  |TAMS 0x0000000085a00000, 0x0000000085a00000| Untracked 
|  37|0x0000000085b00000, 0x0000000085b00000, 0x0000000085c00000|  0%| F|  |TAMS 0x0000000085b00000, 0x0000000085b00000| Untracked 
|  38|0x0000000085c00000, 0x0000000085c00000, 0x0000000085d00000|  0%| F|  |TAMS 0x0000000085c00000, 0x0000000085c00000| Untracked 
|  39|0x0000000085d00000, 0x0000000085d00000, 0x0000000085e00000|  0%| F|  |TAMS 0x0000000085d00000, 0x0000000085d00000| Untracked 
|  40|0x0000000085e00000, 0x0000000085e00000, 0x0000000085f00000|  0%| F|  |TAMS 0x0000000085e00000, 0x0000000085e00000| Untracked 
|  41|0x0000000085f00000, 0x0000000085f00000, 0x0000000086000000|  0%| F|  |TAMS 0x0000000085f00000, 0x0000000085f00000| Untracked 
|  42|0x0000000086000000, 0x0000000086000000, 0x0000000086100000|  0%| F|  |TAMS 0x0000000086000000, 0x0000000086000000| Untracked 
|  43|0x0000000086100000, 0x0000000086100000, 0x0000000086200000|  0%| F|  |TAMS 0x0000000086100000, 0x0000000086100000| Untracked 
|  44|0x0000000086200000, 0x0000000086200000, 0x0000000086300000|  0%| F|  |TAMS 0x0000000086200000, 0x0000000086200000| Untracked 
|  45|0x0000000086300000, 0x0000000086300000, 0x0000000086400000|  0%| F|  |TAMS 0x0000000086300000, 0x0000000086300000| Untracked 
|  46|0x0000000086400000, 0x0000000086400000, 0x0000000086500000|  0%| F|  |TAMS 0x0000000086400000, 0x0000000086400000| Untracked 
|  47|0x0000000086500000, 0x0000000086500000, 0x0000000086600000|  0%| F|  |TAMS 0x0000000086500000, 0x0000000086500000| Untracked 
|  48|0x0000000086600000, 0x0000000086600000, 0x0000000086700000|  0%| F|  |TAMS 0x0000000086600000, 0x0000000086600000| Untracked 
|  49|0x0000000086700000, 0x0000000086700000, 0x0000000086800000|  0%| F|  |TAMS 0x0000000086700000, 0x0000000086700000| Untracked 
|  50|0x0000000086800000, 0x0000000086800000, 0x0000000086900000|  0%| F|  |TAMS 0x0000000086800000, 0x0000000086800000| Untracked 
|  51|0x0000000086900000, 0x0000000086900000, 0x0000000086a00000|  0%| F|  |TAMS 0x0000000086900000, 0x0000000086900000| Untracked 
|  52|0x0000000086a00000, 0x0000000086a00000, 0x0000000086b00000|  0%| F|  |TAMS 0x0000000086a00000, 0x0000000086a00000| Untracked 
|  53|0x0000000086b00000, 0x0000000086b00000, 0x0000000086c00000|  0%| F|  |TAMS 0x0000000086b00000, 0x0000000086b00000| Untracked 
|  54|0x0000000086c00000, 0x0000000086c00000, 0x0000000086d00000|  0%| F|  |TAMS 0x0000000086c00000, 0x0000000086c00000| Untracked 
|  55|0x0000000086d00000, 0x0000000086d00000, 0x0000000086e00000|  0%| F|  |TAMS 0x0000000086d00000, 0x0000000086d00000| Untracked 
|  56|0x0000000086e00000, 0x0000000086e00000, 0x0000000086f00000|  0%| F|  |TAMS 0x0000000086e00000, 0x0000000086e00000| Untracked 
|  57|0x0000000086f00000, 0x0000000086f00000, 0x0000000087000000|  0%| F|  |TAMS 0x0000000086f00000, 0x0000000086f00000| Untracked 
|  58|0x0000000087000000, 0x0000000087000000, 0x0000000087100000|  0%| F|  |TAMS 0x0000000087000000, 0x0000000087000000| Untracked 
|  59|0x0000000087100000, 0x0000000087100000, 0x0000000087200000|  0%| F|  |TAMS 0x0000000087100000, 0x0000000087100000| Untracked 
|  60|0x0000000087200000, 0x0000000087200000, 0x0000000087300000|  0%| F|  |TAMS 0x0000000087200000, 0x0000000087200000| Untracked 
|  61|0x0000000087300000, 0x0000000087300000, 0x0000000087400000|  0%| F|  |TAMS 0x0000000087300000, 0x0000000087300000| Untracked 
|  62|0x0000000087400000, 0x0000000087400000, 0x0000000087500000|  0%| F|  |TAMS 0x0000000087400000, 0x0000000087400000| Untracked 
|  63|0x0000000087500000, 0x0000000087500000, 0x0000000087600000|  0%| F|  |TAMS 0x0000000087500000, 0x0000000087500000| Untracked 
|  64|0x0000000087600000, 0x0000000087600000, 0x0000000087700000|  0%| F|  |TAMS 0x0000000087600000, 0x0000000087600000| Untracked 
|  65|0x0000000087700000, 0x0000000087700000, 0x0000000087800000|  0%| F|  |TAMS 0x0000000087700000, 0x0000000087700000| Untracked 
|  66|0x0000000087800000, 0x0000000087800000, 0x0000000087900000|  0%| F|  |TAMS 0x0000000087800000, 0x0000000087800000| Untracked 
|  67|0x0000000087900000, 0x0000000087900000, 0x0000000087a00000|  0%| F|  |TAMS 0x0000000087900000, 0x0000000087900000| Untracked 
|  68|0x0000000087a00000, 0x0000000087a00000, 0x0000000087b00000|  0%| F|  |TAMS 0x0000000087a00000, 0x0000000087a00000| Untracked 
|  69|0x0000000087b00000, 0x0000000087b00000, 0x0000000087c00000|  0%| F|  |TAMS 0x0000000087b00000, 0x0000000087b00000| Untracked 
|  70|0x0000000087c00000, 0x0000000087c00000, 0x0000000087d00000|  0%| F|  |TAMS 0x0000000087c00000, 0x0000000087c00000| Untracked 
|  71|0x0000000087d00000, 0x0000000087d00000, 0x0000000087e00000|  0%| F|  |TAMS 0x0000000087d00000, 0x0000000087d00000| Untracked 
|  72|0x0000000087e00000, 0x0000000087e00000, 0x0000000087f00000|  0%| F|  |TAMS 0x0000000087e00000, 0x0000000087e00000| Untracked 
|  73|0x0000000087f00000, 0x0000000087f00000, 0x0000000088000000|  0%| F|  |TAMS 0x0000000087f00000, 0x0000000087f00000| Untracked 
|  74|0x0000000088000000, 0x0000000088000000, 0x0000000088100000|  0%| F|  |TAMS 0x0000000088000000, 0x0000000088000000| Untracked 
|  75|0x0000000088100000, 0x0000000088100000, 0x0000000088200000|  0%| F|  |TAMS 0x0000000088100000, 0x0000000088100000| Untracked 
|  76|0x0000000088200000, 0x0000000088200000, 0x0000000088300000|  0%| F|  |TAMS 0x0000000088200000, 0x0000000088200000| Untracked 
|  77|0x0000000088300000, 0x0000000088300000, 0x0000000088400000|  0%| F|  |TAMS 0x0000000088300000, 0x0000000088300000| Untracked 
|  78|0x0000000088400000, 0x0000000088400000, 0x0000000088500000|  0%| F|  |TAMS 0x0000000088400000, 0x0000000088400000| Untracked 
|  79|0x0000000088500000, 0x0000000088500000, 0x0000000088600000|  0%| F|  |TAMS 0x0000000088500000, 0x0000000088500000| Untracked 
|  80|0x0000000088600000, 0x0000000088600000, 0x0000000088700000|  0%| F|  |TAMS 0x0000000088600000, 0x0000000088600000| Untracked 
|  81|0x0000000088700000, 0x0000000088700000, 0x0000000088800000|  0%| F|  |TAMS 0x0000000088700000, 0x0000000088700000| Untracked 
|  82|0x0000000088800000, 0x0000000088800000, 0x0000000088900000|  0%| F|  |TAMS 0x0000000088800000, 0x0000000088800000| Untracked 
|  83|0x0000000088900000, 0x0000000088900000, 0x0000000088a00000|  0%| F|  |TAMS 0x0000000088900000, 0x0000000088900000| Untracked 
|  84|0x0000000088a00000, 0x0000000088a00000, 0x0000000088b00000|  0%| F|  |TAMS 0x0000000088a00000, 0x0000000088a00000| Untracked 
|  85|0x0000000088b00000, 0x0000000088b00000, 0x0000000088c00000|  0%| F|  |TAMS 0x0000000088b00000, 0x0000000088b00000| Untracked 
|  86|0x0000000088c00000, 0x0000000088c00000, 0x0000000088d00000|  0%| F|  |TAMS 0x0000000088c00000, 0x0000000088c00000| Untracked 
|  87|0x0000000088d00000, 0x0000000088d00000, 0x0000000088e00000|  0%| F|  |TAMS 0x0000000088d00000, 0x0000000088d00000| Untracked 
|  88|0x0000000088e00000, 0x0000000088e00000, 0x0000000088f00000|  0%| F|  |TAMS 0x0000000088e00000, 0x0000000088e00000| Untracked 
|  89|0x0000000088f00000, 0x0000000088f00000, 0x0000000089000000|  0%| F|  |TAMS 0x0000000088f00000, 0x0000000088f00000| Untracked 
|  90|0x0000000089000000, 0x0000000089000000, 0x0000000089100000|  0%| F|  |TAMS 0x0000000089000000, 0x0000000089000000| Untracked 
|  91|0x0000000089100000, 0x0000000089100000, 0x0000000089200000|  0%| F|  |TAMS 0x0000000089100000, 0x0000000089100000| Untracked 
|  92|0x0000000089200000, 0x0000000089200000, 0x0000000089300000|  0%| F|  |TAMS 0x0000000089200000, 0x0000000089200000| Untracked 
|  93|0x0000000089300000, 0x0000000089300000, 0x0000000089400000|  0%| F|  |TAMS 0x0000000089300000, 0x0000000089300000| Untracked 
|  94|0x0000000089400000, 0x0000000089400000, 0x0000000089500000|  0%| F|  |TAMS 0x0000000089400000, 0x0000000089400000| Untracked 
|  95|0x0000000089500000, 0x0000000089500000, 0x0000000089600000|  0%| F|  |TAMS 0x0000000089500000, 0x0000000089500000| Untracked 
|  96|0x0000000089600000, 0x0000000089600000, 0x0000000089700000|  0%| F|  |TAMS 0x0000000089600000, 0x0000000089600000| Untracked 
|  97|0x0000000089700000, 0x0000000089700000, 0x0000000089800000|  0%| F|  |TAMS 0x0000000089700000, 0x0000000089700000| Untracked 
|  98|0x0000000089800000, 0x0000000089800000, 0x0000000089900000|  0%| F|  |TAMS 0x0000000089800000, 0x0000000089800000| Untracked 
|  99|0x0000000089900000, 0x0000000089900000, 0x0000000089a00000|  0%| F|  |TAMS 0x0000000089900000, 0x0000000089900000| Untracked 
| 100|0x0000000089a00000, 0x0000000089a00000, 0x0000000089b00000|  0%| F|  |TAMS 0x0000000089a00000, 0x0000000089a00000| Untracked 
| 101|0x0000000089b00000, 0x0000000089b00000, 0x0000000089c00000|  0%| F|  |TAMS 0x0000000089b00000, 0x0000000089b00000| Untracked 
| 102|0x0000000089c00000, 0x0000000089c00000, 0x0000000089d00000|  0%| F|  |TAMS 0x0000000089c00000, 0x0000000089c00000| Untracked 
| 103|0x0000000089d00000, 0x0000000089d00000, 0x0000000089e00000|  0%| F|  |TAMS 0x0000000089d00000, 0x0000000089d00000| Untracked 
| 104|0x0000000089e00000, 0x0000000089e00000, 0x0000000089f00000|  0%| F|  |TAMS 0x0000000089e00000, 0x0000000089e00000| Untracked 
| 105|0x0000000089f00000, 0x0000000089f00000, 0x000000008a000000|  0%| F|  |TAMS 0x0000000089f00000, 0x0000000089f00000| Untracked 
| 106|0x000000008a000000, 0x000000008a000000, 0x000000008a100000|  0%| F|  |TAMS 0x000000008a000000, 0x000000008a000000| Untracked 
| 107|0x000000008a100000, 0x000000008a100000, 0x000000008a200000|  0%| F|  |TAMS 0x000000008a100000, 0x000000008a100000| Untracked 
| 108|0x000000008a200000, 0x000000008a200000, 0x000000008a300000|  0%| F|  |TAMS 0x000000008a200000, 0x000000008a200000| Untracked 
| 109|0x000000008a300000, 0x000000008a300000, 0x000000008a400000|  0%| F|  |TAMS 0x000000008a300000, 0x000000008a300000| Untracked 
| 110|0x000000008a400000, 0x000000008a400000, 0x000000008a500000|  0%| F|  |TAMS 0x000000008a400000, 0x000000008a400000| Untracked 
| 111|0x000000008a500000, 0x000000008a600000, 0x000000008a600000|100%| S|CS|TAMS 0x000000008a500000, 0x000000008a500000| Complete 
| 112|0x000000008a600000, 0x000000008a700000, 0x000000008a700000|100%| S|CS|TAMS 0x000000008a600000, 0x000000008a600000| Complete 
| 113|0x000000008a700000, 0x000000008a750d88, 0x000000008a800000| 31%| E|  |TAMS 0x000000008a700000, 0x000000008a700000| Complete 
| 114|0x000000008a800000, 0x000000008a900000, 0x000000008a900000|100%| E|CS|TAMS 0x000000008a800000, 0x000000008a800000| Complete 
| 115|0x000000008a900000, 0x000000008aa00000, 0x000000008aa00000|100%| E|CS|TAMS 0x000000008a900000, 0x000000008a900000| Complete 
| 116|0x000000008aa00000, 0x000000008ab00000, 0x000000008ab00000|100%| E|CS|TAMS 0x000000008aa00000, 0x000000008aa00000| Complete 
| 117|0x000000008ab00000, 0x000000008ac00000, 0x000000008ac00000|100%| E|CS|TAMS 0x000000008ab00000, 0x000000008ab00000| Complete 
| 118|0x000000008ac00000, 0x000000008ad00000, 0x000000008ad00000|100%| E|CS|TAMS 0x000000008ac00000, 0x000000008ac00000| Complete 
| 119|0x000000008ad00000, 0x000000008ae00000, 0x000000008ae00000|100%| E|CS|TAMS 0x000000008ad00000, 0x000000008ad00000| Complete 
| 120|0x000000008ae00000, 0x000000008af00000, 0x000000008af00000|100%| E|CS|TAMS 0x000000008ae00000, 0x000000008ae00000| Complete 
| 121|0x000000008af00000, 0x000000008b000000, 0x000000008b000000|100%| E|CS|TAMS 0x000000008af00000, 0x000000008af00000| Complete 
| 122|0x000000008b000000, 0x000000008b100000, 0x000000008b100000|100%| E|CS|TAMS 0x000000008b000000, 0x000000008b000000| Complete 
| 123|0x000000008b100000, 0x000000008b200000, 0x000000008b200000|100%| E|  |TAMS 0x000000008b100000, 0x000000008b100000| Complete 
| 124|0x000000008b200000, 0x000000008b300000, 0x000000008b300000|100%| E|CS|TAMS 0x000000008b200000, 0x000000008b200000| Complete 
| 125|0x000000008b300000, 0x000000008b400000, 0x000000008b400000|100%| E|CS|TAMS 0x000000008b300000, 0x000000008b300000| Complete 

Card table byte_map: [0x000001f799730000,0x000001f799b20000] _byte_map_base: 0x000001f799315000

Marking Bits (Prev, Next): (CMBitMap*) 0x000001f780d275c0, (CMBitMap*) 0x000001f780d27600
 Prev Bits: [0x000001f799f10000, 0x000001f79be38000)
 Next Bits: [0x000001f79be40000, 0x000001f79dd68000)

Polling page: 0x000001f780da0000

Metaspace:

Usage:
  Non-class:      6.56 MB used.
      Class:    569.06 KB used.
       Both:      7.11 MB used.

Virtual space:
  Non-class space:       16.00 MB reserved,       6.62 MB ( 41%) committed,  2 nodes.
      Class space:        1.00 GB reserved,     640.00 KB ( <1%) committed,  1 nodes.
             Both:        1.02 GB reserved,       7.25 MB ( <1%) committed. 

Chunk freelists:
   Non-Class:  3.22 MB
       Class:  3.33 MB
        Both:  6.55 MB

MaxMetaspaceSize: unlimited
CompressedClassSpaceSize: 1.00 GB
Initial GC threshold: 21.00 MB
Current GC threshold: 21.00 MB
CDS: on
MetaspaceReclaimPolicy: balanced
 - commit_granule_bytes: 65536.
 - commit_granule_words: 8192.
 - virtual_space_node_default_size: 1048576.
 - enlarge_chunks_in_place: 1.
 - new_chunks_are_fully_committed: 0.
 - uncommit_free_chunks: 1.
 - use_allocation_guard: 0.
 - handle_deallocations: 1.


Internal statistics:

num_allocs_failed_limit: 0.
num_arena_births: 68.
num_arena_deaths: 0.
num_vsnodes_births: 3.
num_vsnodes_deaths: 0.
num_space_committed: 114.
num_space_uncommitted: 0.
num_chunks_returned_to_freelist: 0.
num_chunks_taken_from_freelist: 275.
num_chunk_merges: 0.
num_chunk_splits: 196.
num_chunks_enlarged: 164.
num_purges: 0.
num_inconsistent_stats: 0.

CodeHeap 'non-profiled nmethods': size=120000Kb used=426Kb max_used=426Kb free=119573Kb
 bounds [0x000001f7917e0000, 0x000001f791a50000, 0x000001f798d10000]
CodeHeap 'profiled nmethods': size=120000Kb used=1901Kb max_used=1901Kb free=118098Kb
 bounds [0x000001f78a2b0000, 0x000001f78a520000, 0x000001f7917e0000]
CodeHeap 'non-nmethods': size=5760Kb used=1644Kb max_used=1664Kb free=4115Kb
 bounds [0x000001f789d10000, 0x000001f789f80000, 0x000001f78a2b0000]
 total_blobs=2108 nmethods=1040 adapters=981
 compilation: enabled
              stopped_count=0, restarted_count=0
 full_count=0

Compilation events (20 events):
Event: 1.622 Thread 0x000001f7a03a0260 1031       1       com.badlogic.gdx.maps.tiled.TiledMapTileLayer$Cell::getFlipHorizontally (5 bytes)
Event: 1.622 Thread 0x000001f7a03a0260 nmethod 1031 0x000001f791844f90 code [0x000001f791845120, 0x000001f7918451f8]
Event: 1.622 Thread 0x000001f7a03a0260 1032       1       com.badlogic.gdx.maps.tiled.TiledMapTileLayer$Cell::getFlipVertically (5 bytes)
Event: 1.622 Thread 0x000001f7a03a0260 nmethod 1032 0x000001f791845290 code [0x000001f791845420, 0x000001f7918454f8]
Event: 1.622 Thread 0x000001f7a03a0260 1033       1       com.badlogic.gdx.maps.tiled.TiledMapTileLayer$Cell::getRotation (5 bytes)
Event: 1.622 Thread 0x000001f7a03a0260 nmethod 1033 0x000001f791845590 code [0x000001f791845720, 0x000001f7918457f8]
Event: 1.622 Thread 0x000001f7a03a0260 1034       1       com.badlogic.gdx.maps.tiled.tiles.StaticTiledMapTile::getTextureRegion (5 bytes)
Event: 1.622 Thread 0x000001f7a03a0260 nmethod 1034 0x000001f791845890 code [0x000001f791845a20, 0x000001f791845af8]
Event: 1.622 Thread 0x000001f7a03a0260 1035       1       com.badlogic.gdx.maps.tiled.tiles.StaticTiledMapTile::getOffsetX (5 bytes)
Event: 1.622 Thread 0x000001f7a03a0260 nmethod 1035 0x000001f791845b90 code [0x000001f791845d20, 0x000001f791845df8]
Event: 1.622 Thread 0x000001f7a03a0260 1036       1       com.badlogic.gdx.maps.tiled.tiles.StaticTiledMapTile::getOffsetY (5 bytes)
Event: 1.622 Thread 0x000001f7a03a0260 nmethod 1036 0x000001f791845e90 code [0x000001f791846020, 0x000001f7918460f8]
Event: 1.622 Thread 0x000001f7a03a0260 1037       1       com.badlogic.gdx.graphics.g2d.TextureRegion::getU (5 bytes)
Event: 1.622 Thread 0x000001f7a03a0260 nmethod 1037 0x000001f791846190 code [0x000001f791846320, 0x000001f7918463f8]
Event: 1.622 Thread 0x000001f7a03a0260 1038       1       com.badlogic.gdx.graphics.g2d.TextureRegion::getV2 (5 bytes)
Event: 1.622 Thread 0x000001f7a03a0260 nmethod 1038 0x000001f791846490 code [0x000001f791846620, 0x000001f7918466f8]
Event: 1.622 Thread 0x000001f7a03a0260 1039       1       com.badlogic.gdx.graphics.g2d.TextureRegion::getU2 (5 bytes)
Event: 1.622 Thread 0x000001f7a03a0260 nmethod 1039 0x000001f791846790 code [0x000001f791846920, 0x000001f7918469f8]
Event: 1.622 Thread 0x000001f7a03a0260 1040       1       com.badlogic.gdx.graphics.g2d.TextureRegion::getV (5 bytes)
Event: 1.622 Thread 0x000001f7a03a0260 nmethod 1040 0x000001f791846a90 code [0x000001f791846c20, 0x000001f791846cf8]

GC Heap History (2 events):
Event: 1.210 GC heap before
{Heap before GC invocations=0 (full 0):
 garbage-first heap   total 129024K, used 13312K [0x0000000083600000, 0x0000000100000000)
  region size 1024K, 13 young (13312K), 0 survivors (0K)
 Metaspace       used 4130K, committed 4288K, reserved 1056768K
  class space    used 287K, committed 384K, reserved 1048576K
}
Event: 1.213 GC heap after
{Heap after GC invocations=1 (full 0):
 garbage-first heap   total 129024K, used 2112K [0x0000000083600000, 0x0000000100000000)
  region size 1024K, 2 young (2048K), 2 survivors (2048K)
 Metaspace       used 4130K, committed 4288K, reserved 1056768K
  class space    used 287K, committed 384K, reserved 1048576K
}

Deoptimization events (20 events):
Event: 0.258 Thread 0x000001f780ccc210 DEOPT PACKING pc=0x000001f7917eddc0 sp=0x000000ceab4fba70
Event: 0.258 Thread 0x000001f780ccc210 DEOPT UNPACKING pc=0x000001f789d65c23 sp=0x000000ceab4fb9f8 mode 2
Event: 1.003 Thread 0x000001f780ccc210 DEOPT PACKING pc=0x000001f78a2d8fbe sp=0x000000ceab4fad40
Event: 1.003 Thread 0x000001f780ccc210 DEOPT UNPACKING pc=0x000001f789d66763 sp=0x000000ceab4fa1b8 mode 0
Event: 1.366 Thread 0x000001f780ccc210 Uncommon trap: trap_request=0xffffffde fr.pc=0x000001f79182aecc relative=0x0000000000000dec
Event: 1.366 Thread 0x000001f780ccc210 Uncommon trap: reason=class_check action=maybe_recompile pc=0x000001f79182aecc method=com.badlogic.gdx.assets.AssetLoadingTask.handleAsyncLoader()V @ 137 c2
Event: 1.367 Thread 0x000001f780ccc210 DEOPT PACKING pc=0x000001f79182aecc sp=0x000000ceab4ff050
Event: 1.367 Thread 0x000001f780ccc210 DEOPT UNPACKING pc=0x000001f789d65c23 sp=0x000000ceab4feeb8 mode 2
Event: 1.459 Thread 0x000001f780ccc210 Uncommon trap: trap_request=0xffffff45 fr.pc=0x000001f7917efa28 relative=0x0000000000000128
Event: 1.459 Thread 0x000001f780ccc210 Uncommon trap: reason=unstable_if action=reinterpret pc=0x000001f7917efa28 method=java.lang.StringCoding.hasNegatives([BII)Z @ 12 c2
Event: 1.459 Thread 0x000001f780ccc210 DEOPT PACKING pc=0x000001f7917efa28 sp=0x000000ceab4fe960
Event: 1.459 Thread 0x000001f780ccc210 DEOPT UNPACKING pc=0x000001f789d65c23 sp=0x000000ceab4fe908 mode 2
Event: 1.462 Thread 0x000001f780ccc210 Uncommon trap: trap_request=0xffffff45 fr.pc=0x000001f791835628 relative=0x0000000000000208
Event: 1.462 Thread 0x000001f780ccc210 Uncommon trap: reason=unstable_if action=reinterpret pc=0x000001f791835628 method=java.util.StringTokenizer.skipDelimiters(I)I @ 29 c2
Event: 1.462 Thread 0x000001f780ccc210 DEOPT PACKING pc=0x000001f791835628 sp=0x000000ceab4fede0
Event: 1.462 Thread 0x000001f780ccc210 DEOPT UNPACKING pc=0x000001f789d65c23 sp=0x000000ceab4fed68 mode 2
Event: 1.487 Thread 0x000001f780ccc210 Uncommon trap: trap_request=0xffffff45 fr.pc=0x000001f79183c5a4 relative=0x0000000000000104
Event: 1.487 Thread 0x000001f780ccc210 Uncommon trap: reason=unstable_if action=reinterpret pc=0x000001f79183c5a4 method=com.badlogic.gdx.utils.IntMap.get(I)Ljava/lang/Object; @ 1 c2
Event: 1.487 Thread 0x000001f780ccc210 DEOPT PACKING pc=0x000001f79183c5a4 sp=0x000000ceab4fece0
Event: 1.487 Thread 0x000001f780ccc210 DEOPT UNPACKING pc=0x000001f789d65c23 sp=0x000000ceab4fec78 mode 2

Classes unloaded (0 events):
No events

Classes redefined (0 events):
No events

Internal exceptions (20 events):
Event: 0.228 Thread 0x000001f780ccc210 Exception <a 'java/lang/NoSuchMethodError'{0x000000008ad168b8}: 'int java.lang.invoke.DirectMethodHandle$Holder.invokeSpecial(java.lang.Object, java.lang.Object, java.lang.Object)'> (0x000000008ad168b8) 
thrown [t:\workspace\open\src\hotspot\share\interpreter\linkResolver.cpp, line 766]
Event: 0.258 Thread 0x000001f780ccc210 Exception <a 'sun/nio/fs/WindowsException'{0x000000008adb3340}> (0x000000008adb3340) 
thrown [t:\workspace\open\src\hotspot\share\prims\jni.cpp, line 516]
Event: 0.258 Thread 0x000001f780ccc210 Exception <a 'sun/nio/fs/WindowsException'{0x000000008adb3890}> (0x000000008adb3890) 
thrown [t:\workspace\open\src\hotspot\share\prims\jni.cpp, line 516]
Event: 0.272 Thread 0x000001f780ccc210 Exception <a 'java/lang/NoSuchMethodError'{0x000000008adf3cf8}: 'int java.lang.invoke.DirectMethodHandle$Holder.invokeStaticInit(java.lang.Object, java.lang.Object, int, long)'> (0x000000008adf3cf8) 
thrown [t:\workspace\open\src\hotspot\share\interpreter\linkResolver.cpp, line 766]
Event: 0.272 Thread 0x000001f780ccc210 Exception <a 'java/lang/NoSuchMethodError'{0x000000008adf95c0}: 'java.lang.Object java.lang.invoke.DirectMethodHandle$Holder.newInvokeSpecial(java.lang.Object, java.lang.Object, int)'> (0x000000008adf95c0) 
thrown [t:\workspace\open\src\hotspot\share\interpreter\linkResolver.cpp, line 766]
Event: 0.276 Thread 0x000001f780ccc210 Exception <a 'java/lang/NoSuchMethodError'{0x000000008ac0e540}: 'int java.lang.invoke.DirectMethodHandle$Holder.invokeStaticInit(java.lang.Object, java.lang.Object, long, long)'> (0x000000008ac0e540) 
thrown [t:\workspace\open\src\hotspot\share\interpreter\linkResolver.cpp, line 766]
Event: 0.277 Thread 0x000001f780ccc210 Exception <a 'java/lang/NoSuchMethodError'{0x000000008ac14650}: 'java.lang.Object java.lang.invoke.DirectMethodHandle$Holder.newInvokeSpecial(java.lang.Object, java.lang.Object, long)'> (0x000000008ac14650) 
thrown [t:\workspace\open\src\hotspot\share\interpreter\linkResolver.cpp, line 766]
Event: 0.278 Thread 0x000001f780ccc210 Exception <a 'java/lang/NoSuchMethodError'{0x000000008ac18698}: 'java.lang.Object java.lang.invoke.Invokers$Holder.linkToTargetMethod(java.lang.Object, long, java.lang.Object)'> (0x000000008ac18698) 
thrown [t:\workspace\open\src\hotspot\share\interpreter\linkResolver.cpp, line 766]
Event: 0.280 Thread 0x000001f780ccc210 Exception <a 'java/lang/NoSuchMethodError'{0x000000008ac1fdb0}: 'int java.lang.invoke.DirectMethodHandle$Holder.invokeStaticInit(java.lang.Object, java.lang.Object, java.lang.Object, long)'> (0x000000008ac1fdb0) 
thrown [t:\workspace\open\src\hotspot\share\interpreter\linkResolver.cpp, line 766]
Event: 0.295 Thread 0x000001f780ccc210 Exception <a 'sun/nio/fs/WindowsException'{0x000000008acd4ae8}> (0x000000008acd4ae8) 
thrown [t:\workspace\open\src\hotspot\share\prims\jni.cpp, line 516]
Event: 0.295 Thread 0x000001f780ccc210 Exception <a 'sun/nio/fs/WindowsException'{0x000000008acd4e78}> (0x000000008acd4e78) 
thrown [t:\workspace\open\src\hotspot\share\prims\jni.cpp, line 516]
Event: 0.319 Thread 0x000001f780ccc210 Exception <a 'sun/nio/fs/WindowsException'{0x000000008ab93b80}> (0x000000008ab93b80) 
thrown [t:\workspace\open\src\hotspot\share\prims\jni.cpp, line 516]
Event: 0.319 Thread 0x000001f780ccc210 Exception <a 'sun/nio/fs/WindowsException'{0x000000008ab93ee0}> (0x000000008ab93ee0) 
thrown [t:\workspace\open\src\hotspot\share\prims\jni.cpp, line 516]
Event: 0.356 Thread 0x000001f780ccc210 Exception <a 'sun/nio/fs/WindowsException'{0x000000008aa237c0}> (0x000000008aa237c0) 
thrown [t:\workspace\open\src\hotspot\share\prims\jni.cpp, line 516]
Event: 0.356 Thread 0x000001f780ccc210 Exception <a 'sun/nio/fs/WindowsException'{0x000000008aa23b40}> (0x000000008aa23b40) 
thrown [t:\workspace\open\src\hotspot\share\prims\jni.cpp, line 516]
Event: 0.970 Thread 0x000001f780ccc210 Exception <a 'java/lang/NoSuchMethodError'{0x000000008aa6d900}: 'java.lang.Object java.lang.invoke.DirectMethodHandle$Holder.newInvokeSpecial(java.lang.Object, long)'> (0x000000008aa6d900) 
thrown [t:\workspace\open\src\hotspot\share\interpreter\linkResolver.cpp, line 766]
Event: 1.083 Thread 0x000001f780ccc210 Exception <a 'sun/nio/fs/WindowsException'{0x000000008a992330}> (0x000000008a992330) 
thrown [t:\workspace\open\src\hotspot\share\prims\jni.cpp, line 516]
Event: 1.083 Thread 0x000001f780ccc210 Exception <a 'sun/nio/fs/WindowsException'{0x000000008a9926d8}> (0x000000008a9926d8) 
thrown [t:\workspace\open\src\hotspot\share\prims\jni.cpp, line 516]
Event: 1.087 Thread 0x000001f780ccc210 Exception <a 'sun/nio/fs/WindowsException'{0x000000008a9a1340}> (0x000000008a9a1340) 
thrown [t:\workspace\open\src\hotspot\share\prims\jni.cpp, line 516]
Event: 1.087 Thread 0x000001f780ccc210 Exception <a 'sun/nio/fs/WindowsException'{0x000000008a9a1620}> (0x000000008a9a1620) 
thrown [t:\workspace\open\src\hotspot\share\prims\jni.cpp, line 516]

VM Operations (18 events):
Event: 0.080 Executing VM operation: HandshakeAllThreads
Event: 0.080 Executing VM operation: HandshakeAllThreads done
Event: 0.170 Executing VM operation: HandshakeAllThreads
Event: 0.170 Executing VM operation: HandshakeAllThreads done
Event: 0.225 Executing VM operation: HandshakeAllThreads
Event: 0.225 Executing VM operation: HandshakeAllThreads done
Event: 1.160 Executing VM operation: HandshakeAllThreads
Event: 1.160 Executing VM operation: HandshakeAllThreads done
Event: 1.160 Executing VM operation: Cleanup
Event: 1.160 Executing VM operation: Cleanup done
Event: 1.210 Executing VM operation: G1CollectForAllocation
Event: 1.213 Executing VM operation: G1CollectForAllocation done
Event: 1.407 Executing VM operation: HandshakeAllThreads
Event: 1.407 Executing VM operation: HandshakeAllThreads done
Event: 1.407 Executing VM operation: HandshakeAllThreads
Event: 1.407 Executing VM operation: HandshakeAllThreads done
Event: 1.559 Executing VM operation: HandshakeAllThreads
Event: 1.559 Executing VM operation: HandshakeAllThreads done

Events (20 events):
Event: 1.329 loading class java/io/ObjectStreamClass$2 done
Event: 1.329 loading class java/io/ObjectStreamClass$FieldReflectorKey
Event: 1.329 loading class java/io/ObjectStreamClass$FieldReflectorKey done
Event: 1.329 loading class java/io/ObjectStreamClass$FieldReflector
Event: 1.329 loading class java/io/ObjectStreamClass$FieldReflector done
Event: 1.329 loading class java/io/ObjectStreamClass$ExceptionInfo
Event: 1.329 loading class java/io/ObjectStreamClass$ExceptionInfo done
Event: 1.419 loading class java/lang/reflect/InvocationTargetException
Event: 1.419 loading class java/lang/reflect/InvocationTargetException done
Event: 1.423 loading class java/util/regex/Pattern$1
Event: 1.423 loading class java/util/regex/Pattern$1 done
Event: 1.428 loading class java/lang/NegativeArraySizeException
Event: 1.428 loading class java/lang/NegativeArraySizeException done
Event: 1.429 loading class java/lang/StringIndexOutOfBoundsException
Event: 1.429 loading class java/lang/StringIndexOutOfBoundsException done
Event: 1.456 loading class java/util/zip/GZIPInputStream
Event: 1.456 loading class java/util/zip/GZIPInputStream done
Event: 1.480 loading class jdk/internal/math/FloatingDecimal$ASCIIToBinaryBuffer
Event: 1.480 loading class jdk/internal/math/FloatingDecimal$ASCIIToBinaryBuffer done
Event: 1.522 Loaded shared library C:\Users\eduar\AppData\Local\Temp\libgdxeduar\888fe1bc\gdx-box2d64.dll


Dynamic libraries:
0x00007ff6fbf80000 - 0x00007ff6fbf90000 	C:\Program Files\Java\jdk-17.0.3.1\bin\java.exe
0x00007ff9409e0000 - 0x00007ff940be9000 	C:\Windows\SYSTEM32\ntdll.dll
0x00007ff93f3a0000 - 0x00007ff93f45d000 	C:\Windows\System32\KERNEL32.DLL
0x00007ff93dec0000 - 0x00007ff93e239000 	C:\Windows\System32\KERNELBASE.dll
0x00007ff93e490000 - 0x00007ff93e5a1000 	C:\Windows\System32\ucrtbase.dll
0x00007ff929890000 - 0x00007ff9298aa000 	C:\Program Files\Java\jdk-17.0.3.1\bin\VCRUNTIME140.dll
0x00007ff929910000 - 0x00007ff929928000 	C:\Program Files\Java\jdk-17.0.3.1\bin\jli.dll
0x00007ff93ed60000 - 0x00007ff93ee0e000 	C:\Windows\System32\ADVAPI32.dll
0x00007ff93f920000 - 0x00007ff93f9c3000 	C:\Windows\System32\msvcrt.dll
0x00007ff93ec50000 - 0x00007ff93ecee000 	C:\Windows\System32\sechost.dll
0x00007ff9406b0000 - 0x00007ff9407d0000 	C:\Windows\System32\RPCRT4.dll
0x00007ff93f460000 - 0x00007ff93f60c000 	C:\Windows\System32\USER32.dll
0x00007ff93e6d0000 - 0x00007ff93e6f6000 	C:\Windows\System32\win32u.dll
0x00007ff921d20000 - 0x00007ff921fc5000 	C:\Windows\WinSxS\amd64_microsoft.windows.common-controls_6595b64144ccf1df_6.0.22000.120_none_9d947278b86cc467\COMCTL32.dll
0x00007ff93ef90000 - 0x00007ff93efb9000 	C:\Windows\System32\GDI32.dll
0x00007ff93e5b0000 - 0x00007ff93e6c2000 	C:\Windows\System32\gdi32full.dll
0x00007ff93e240000 - 0x00007ff93e2dd000 	C:\Windows\System32\msvcp_win.dll
0x00007ff92d8d0000 - 0x00007ff92d8da000 	C:\Windows\SYSTEM32\VERSION.dll
0x00007ff9407f0000 - 0x00007ff940821000 	C:\Windows\System32\IMM32.DLL
0x00007ff92ac20000 - 0x00007ff92ac2c000 	C:\Program Files\Java\jdk-17.0.3.1\bin\vcruntime140_1.dll
0x00007ff912bb0000 - 0x00007ff912c3d000 	C:\Program Files\Java\jdk-17.0.3.1\bin\msvcp140.dll
0x00007ff8f9f40000 - 0x00007ff8fab00000 	C:\Program Files\Java\jdk-17.0.3.1\bin\server\jvm.dll
0x00007ff93e870000 - 0x00007ff93e878000 	C:\Windows\System32\PSAPI.DLL
0x00007ff92a6d0000 - 0x00007ff92a6d9000 	C:\Windows\SYSTEM32\WSOCK32.dll
0x00007ff93ecf0000 - 0x00007ff93ed5f000 	C:\Windows\System32\WS2_32.dll
0x00007ff92e310000 - 0x00007ff92e343000 	C:\Windows\SYSTEM32\WINMM.dll
0x00007ff93d090000 - 0x00007ff93d0a8000 	C:\Windows\SYSTEM32\kernel.appcore.dll
0x00007ff929880000 - 0x00007ff92988a000 	C:\Program Files\Java\jdk-17.0.3.1\bin\jimage.dll
0x00007ff93b9b0000 - 0x00007ff93bbd1000 	C:\Windows\SYSTEM32\DBGHELP.DLL
0x00007ff924bc0000 - 0x00007ff924bf1000 	C:\Windows\SYSTEM32\dbgcore.DLL
0x00007ff93e2e0000 - 0x00007ff93e35f000 	C:\Windows\System32\bcryptPrimitives.dll
0x00007ff929850000 - 0x00007ff929875000 	C:\Program Files\Java\jdk-17.0.3.1\bin\java.dll
0x00007ff9083d0000 - 0x00007ff9084a6000 	C:\Program Files\Java\jdk-17.0.3.1\bin\jsvml.dll
0x00007ff93f9d0000 - 0x00007ff940188000 	C:\Windows\System32\SHELL32.dll
0x00007ff93c000000 - 0x00007ff93c867000 	C:\Windows\SYSTEM32\windows.storage.dll
0x00007ff93f020000 - 0x00007ff93f399000 	C:\Windows\System32\combase.dll
0x00007ff93be80000 - 0x00007ff93bfe6000 	C:\Windows\SYSTEM32\wintypes.dll
0x00007ff93eea0000 - 0x00007ff93ef8a000 	C:\Windows\System32\SHCORE.dll
0x00007ff940830000 - 0x00007ff94088d000 	C:\Windows\System32\shlwapi.dll
0x00007ff93ddf0000 - 0x00007ff93de11000 	C:\Windows\SYSTEM32\profapi.dll
0x00007ff9292b0000 - 0x00007ff9292c9000 	C:\Program Files\Java\jdk-17.0.3.1\bin\net.dll
0x00007ff9347f0000 - 0x00007ff9348fc000 	C:\Windows\SYSTEM32\WINHTTP.dll
0x00007ff93d4e0000 - 0x00007ff93d547000 	C:\Windows\system32\mswsock.dll
0x00007ff928f70000 - 0x00007ff928f86000 	C:\Program Files\Java\jdk-17.0.3.1\bin\nio.dll
0x00007ff928f50000 - 0x00007ff928f68000 	C:\Program Files\Java\jdk-17.0.3.1\bin\zip.dll
0x0000000065280000 - 0x00000000652a9000 	C:\Users\eduar\AppData\Local\Temp\libgdxeduar\e787ab0a\gdx64.dll
0x00007ff9079b0000 - 0x00007ff907a25000 	C:\Users\eduar\AppData\Local\Temp\lwjgleduar\3.3.1-build-7\lwjgl.dll
0x00007ff900590000 - 0x00007ff9007e9000 	C:\Users\eduar\AppData\Local\Temp\lwjgleduar\3.3.1-build-7\jemalloc.dll
0x00007ff9064f0000 - 0x00007ff906551000 	C:\Users\eduar\AppData\Local\Temp\lwjgleduar\3.3.1-build-7\glfw.dll
0x00007ff913860000 - 0x00007ff9138a5000 	C:\Windows\SYSTEM32\dinput8.dll
0x00007ff928710000 - 0x00007ff928721000 	C:\Windows\SYSTEM32\xinput1_4.dll
0x00007ff93db90000 - 0x00007ff93dbbc000 	C:\Windows\SYSTEM32\DEVOBJ.dll
0x00007ff93dbc0000 - 0x00007ff93dc0c000 	C:\Windows\SYSTEM32\cfgmgr32.dll
0x00007ff93b370000 - 0x00007ff93b39f000 	C:\Windows\SYSTEM32\dwmapi.dll
0x00007ff9214f0000 - 0x00007ff9216b9000 	C:\Windows\SYSTEM32\inputhost.dll
0x00007ff93ab40000 - 0x00007ff93ac72000 	C:\Windows\SYSTEM32\CoreMessaging.dll
0x00007ff93afa0000 - 0x00007ff93b04c000 	C:\Windows\system32\uxtheme.dll
0x00007ff93f7f0000 - 0x00007ff93f90e000 	C:\Windows\System32\MSCTF.dll
0x00007ff93d740000 - 0x00007ff93d74c000 	C:\Windows\SYSTEM32\CRYPTBASE.DLL
0x00007ff9003f0000 - 0x00007ff900587000 	C:\Users\eduar\AppData\Local\Temp\lwjgleduar\3.3.1-build-7\OpenAL.dll
0x00007ff93eab0000 - 0x00007ff93ec4a000 	C:\Windows\System32\ole32.dll
0x00007ff940600000 - 0x00007ff9406af000 	C:\Windows\System32\clbcatq.dll
0x00007ff92d050000 - 0x00007ff92d0ec000 	C:\Windows\System32\MMDevApi.dll
0x00007ff92c710000 - 0x00007ff92c8e3000 	C:\Windows\SYSTEM32\AUDIOSES.DLL
0x00007ff93b3e0000 - 0x00007ff93b3f5000 	C:\Windows\SYSTEM32\resourcepolicyclient.dll
0x00007ff93cd10000 - 0x00007ff93cd5d000 	C:\Windows\SYSTEM32\powrprof.dll
0x00007ff93cca0000 - 0x00007ff93ccb3000 	C:\Windows\SYSTEM32\UMPDC.dll
0x00007ff920c60000 - 0x00007ff920d61000 	C:\Windows\SYSTEM32\opengl32.dll
0x00007ff928540000 - 0x00007ff92856d000 	C:\Windows\SYSTEM32\GLU32.dll
0x00007ff93b0b0000 - 0x00007ff93b0e8000 	C:\Windows\SYSTEM32\dxcore.dll
0x00007ff9396c0000 - 0x00007ff939704000 	C:\Windows\SYSTEM32\directxdatabasehelper.dll
0x00007ff93b3a0000 - 0x00007ff93b3d4000 	C:\Windows\SYSTEM32\ntmarta.dll
0x00007ff9326c0000 - 0x00007ff9327f4000 	C:\Windows\System32\AppXDeploymentClient.dll
0x00007ff9324d0000 - 0x00007ff9326bf000 	C:\Windows\SYSTEM32\urlmon.dll
0x00007ff9324a0000 - 0x00007ff9324c8000 	C:\Windows\System32\srvcli.dll
0x00007ff9321e0000 - 0x00007ff932493000 	C:\Windows\System32\iertutil.dll
0x00007ff93cab0000 - 0x00007ff93cabc000 	C:\Windows\System32\netutils.dll
0x00007ff8d7f70000 - 0x00007ff8d8f7b000 	C:\Windows\System32\DriverStore\FileRepository\iigd_dch.inf_amd64_38b23bd92a6775fe\igxelpicd64.dll
0x00007ff93b100000 - 0x00007ff93b1f3000 	C:\Windows\system32\dxgi.dll
0x00007ff8e5be0000 - 0x00007ff8e5ece000 	C:\Windows\System32\DriverStore\FileRepository\iigd_dch.inf_amd64_38b23bd92a6775fe\igdml64.dll
0x00007ff931e10000 - 0x00007ff9321d8000 	C:\Windows\System32\DriverStore\FileRepository\iigd_dch.inf_amd64_38b23bd92a6775fe\igdgmm64.dll
0x00007ff92e750000 - 0x00007ff931d36000 	C:\Windows\System32\DriverStore\FileRepository\iigd_dch.inf_amd64_38b23bd92a6775fe\igc64.dll
0x00007ff900170000 - 0x00007ff9001cd000 	C:\Users\eduar\AppData\Local\Temp\lwjgleduar\3.3.1-build-7\lwjgl_opengl.dll
0x00007ff93e9d0000 - 0x00007ff93eaa6000 	C:\Windows\System32\OLEAUT32.dll
0x00007ff91dbb0000 - 0x00007ff91dcdd000 	C:\Windows\SYSTEM32\textinputframework.dll
0x0000000065220000 - 0x000000006527a000 	C:\Users\eduar\AppData\Local\Temp\libgdxeduar\888fe1bc\gdx-box2d64.dll

dbghelp: loaded successfully - version: 4.0.5 - missing functions: none
symbol engine: initialized successfully - sym options: 0x614 - pdb path: .;C:\Program Files\Java\jdk-17.0.3.1\bin;C:\Windows\SYSTEM32;C:\Windows\WinSxS\amd64_microsoft.windows.common-controls_6595b64144ccf1df_6.0.22000.120_none_9d947278b86cc467;C:\Program Files\Java\jdk-17.0.3.1\bin\server;C:\Users\eduar\AppData\Local\Temp\libgdxeduar\e787ab0a;C:\Users\eduar\AppData\Local\Temp\lwjgleduar\3.3.1-build-7;C:\Windows\System32\DriverStore\FileRepository\iigd_dch.inf_amd64_38b23bd92a6775fe;C:\Users\eduar\AppData\Local\Temp\libgdxeduar\888fe1bc

VM Arguments:
jvm_args: -Dfile.encoding=windows-1252 -Duser.country=BR -Duser.language=pt -Duser.variant 
java_command: com.edujhuan.adventurequest.DesktopLauncher
java_class_path (initial): C:\Adventure_Quest\desktop\build\classes\java\main;C:\Adventure_Quest\desktop\build\resources\main;C:\Users\eduar\.gradle\caches\modules-2\files-2.1\com.badlogicgames.gdx\gdx-backend-lwjgl3\1.11.0\58a96db4cd349be4292d547856aa1e1c5f065f4e\gdx-backend-lwjgl3-1.11.0.jar;C:\Users\eduar\.gradle\caches\modules-2\files-2.1\com.badlogicgames.gdx\gdx-platform\1.11.0\697fb13eada6d3c6ca648c9788692b0159add126\gdx-platform-1.11.0-natives-desktop.jar;C:\Users\eduar\.gradle\caches\modules-2\files-2.1\com.badlogicgames.gdx\gdx-box2d-platform\1.11.0\62ff9baa1e57a11e0a4428a38c9660bf9f312fdc\gdx-box2d-platform-1.11.0-natives-desktop.jar;C:\Adventure_Quest\core\build\libs\core-1.0.jar;C:\Users\eduar\.gradle\caches\modules-2\files-2.1\com.badlogicgames.gdx\gdx-box2d\1.11.0\ad4facee800dd945d6d6e93dea2936bc135b5f\gdx-box2d-1.11.0.jar;C:\Users\eduar\.gradle\caches\modules-2\files-2.1\com.badlogicgames.gdx\gdx\1.11.0\ffe1206d1004cd9e40027e28964be0fea0399af7\gdx-1.11.0.jar;C:\Users\eduar\.gradle\caches\modules-2\files-2.1\org.lwjgl\lwjgl-glfw\3.3.1\cbac1b8d30cb4795149c1ef540f912671a8616d0\lwjgl-glfw-3.3.1.jar;C:\Users\eduar\.gradle\caches\modules-2\files-2.1\org.lwjgl\lwjgl-glfw\3.3.1\81716978214ecbda15050ca394b06ef61501a49e\lwjgl-glfw-3.3.1-natives-linux.jar;C:\Users\eduar\.gradle\caches\modules-2\files-2.1\org.lwjgl\lwjgl-glfw\3.3.1\816d935933f2dd743074c4e717cc25b55720f294\lwjgl-glfw-3.3.1-natives-linux-arm32.jar;C:\Users\eduar\.gradle\caches\modules-2\files-2.1\org.lwjgl\lwjgl-glfw\3.3.1\513eb39b866d0fe131a18d5c517087805433b029\lwjgl-glfw-3.3.1-natives-linux-arm64.jar;C:\Users\eduar\.gradle\caches\modules-2\files-2.1\org.lwjgl\lwjgl-glfw\3.3.1\9ec4ce1fc8c85fdef03ef4ff2aace6f5775fb280\lwjgl-glfw-3.3.1-natives-macos.jar;C:\Users\eduar\.gradle\caches\modules-2\files-2.1\org.lwjgl\lwjgl-glfw\3.3.1\cac0d3f712a3da7641fa174735a5f315de7ffe0a\lwjgl-glfw-3.3.1-natives-macos-arm64.jar;C:\Users\eduar\.gradle\caches\modules-2\files-2.1\org.lwjgl\lwjgl-glfw\3.3.1\ed892f945c
Launcher Type: SUN_STANDARD

[Global flags]
     intx CICompilerCount                          = 3                                         {product} {ergonomic}
     uint ConcGCThreads                            = 1                                         {product} {ergonomic}
     uint G1ConcRefinementThreads                  = 4                                         {product} {ergonomic}
   size_t G1HeapRegionSize                         = 1048576                                   {product} {ergonomic}
    uintx GCDrainStackTargetSize                   = 64                                        {product} {ergonomic}
   size_t InitialHeapSize                          = 132120576                                 {product} {ergonomic}
   size_t MarkStackSize                            = 4194304                                   {product} {ergonomic}
   size_t MaxHeapSize                              = 2090860544                                {product} {ergonomic}
   size_t MaxNewSize                               = 1254096896                                {product} {ergonomic}
   size_t MinHeapDeltaBytes                        = 1048576                                   {product} {ergonomic}
   size_t MinHeapSize                              = 8388608                                   {product} {ergonomic}
    uintx NonNMethodCodeHeapSize                   = 5832780                                {pd product} {ergonomic}
    uintx NonProfiledCodeHeapSize                  = 122912730                              {pd product} {ergonomic}
    uintx ProfiledCodeHeapSize                     = 122912730                              {pd product} {ergonomic}
    uintx ReservedCodeCacheSize                    = 251658240                              {pd product} {ergonomic}
     bool SegmentedCodeCache                       = true                                      {product} {ergonomic}
   size_t SoftMaxHeapSize                          = 2090860544                             {manageable} {ergonomic}
     bool UseCompressedClassPointers               = true                           {product lp64_product} {ergonomic}
     bool UseCompressedOops                        = true                           {product lp64_product} {ergonomic}
     bool UseG1GC                                  = true                                      {product} {ergonomic}
     bool UseLargePagesIndividualAllocation        = false                                  {pd product} {ergonomic}

Logging:
Log output configuration:
 #0: stdout all=warning uptime,level,tags
 #1: stderr all=off uptime,level,tags

Environment Variables:
JAVA_HOME=C:\Program Files\Java\jdk-17.0.3.1
CLASSPATH=C:\gradle-7.4.2\lib\gradle-launcher-7.4.2.jar
PATH=C:\Program Files\Common Files\Oracle\Java\javapath;C:\Program Files (x86)\Common Files\Oracle\Java\javapath;C:\Windows\system32;C:\Windows;C:\Windows\System32\Wbem;C:\Windows\System32\WindowsPowerShell\v1.0\;C:\Windows\System32\OpenSSH\;C:\Program Files\Java\jdk-17.0.3.1\bin;C:\gradle-7.4.2\bin;C:\Users\eduar\AppData\Local\Microsoft\WindowsApps;C:\Users\eduar\AppData\Local\Programs\Microsoft VS Code\bin;C:\ghcup\bin;C:\Users\eduar\Downloads\gradle-7.4.2\bin;
USERNAME=eduar
LANG=pt_BR.UTF-8
OS=Windows_NT
PROCESSOR_IDENTIFIER=Intel64 Family 6 Model 140 Stepping 1, GenuineIntel



---------------  S Y S T E M  ---------------

OS:
 Windows 11 , 64 bit Build 22000 (10.0.22000.708)
OS uptime: 5 days 8:59 hours
Hyper-V role detected

CPU: total 4 (initial active 4) (2 cores per cpu, 2 threads per core) family 6 model 140 stepping 1 microcode 0x8a, cx8, cmov, fxsr, ht, mmx, 3dnowpref, sse, sse2, sse3, ssse3, sse4.1, sse4.2, popcnt, lzcnt, tsc, tscinvbit, avx, avx2, aes, erms, clmul, bmi1, bmi2, adx, avx512f, avx512dq, avx512cd, avx512bw, avx512vl, sha, fma, vzeroupper, avx512_vpopcntdq, avx512_vpclmulqdq, avx512_vaes, avx512_vnni, clflush, clflushopt, clwb, avx512_vbmi2, avx512_vbmi, hv

Memory: 4k page, system-wide physical 7971M (2308M free)
TotalPageFile size 10275M (AvailPageFile size 2971M)
current process WorkingSet (physical memory assigned to process): 158M, peak: 161M
current process commit charge ("private bytes"): 279M, peak: 281M

vm_info: Java HotSpot(TM) 64-Bit Server VM (17.0.3.1+2-LTS-6) for windows-amd64 JRE (17.0.3.1+2-LTS-6), built on Apr 25 2022 22:04:21 by "mach5one" with MS VC++ 16.8 / 16.9 (VS2019)

END.
